BEGIN;
BEGIN
EXPLAIN (ANALYZE, BUFFERS)
select
	s_name,
	s_address
from
	supplier,
	nation
where
	s_suppkey in (
		select
			distinct (ps_suppkey)
		from
			partsupp,
			part
		where
			ps_partkey=p_partkey
			and p_name like 'royal%'
			and ps_availqty > (
				select
					0.5 * sum(l_quantity)
				from
					lineitem
				where
					l_partkey = ps_partkey
					and l_suppkey = ps_suppkey
					and l_shipdate >= '1996-01-01'
					and l_shipdate < cast(date '1996-01-01' + interval '1 year' as date)
			)
	)
	and s_nationkey = n_nationkey
	and n_name = 'ARGENTINA'
order by
	s_name;
                                                                                                  QUERY PLAN                                                                                                   
---------------------------------------------------------------------------------------------------------------------------------------------------------------------------------------------------------------
 Sort  (cost=12740755.70..12740758.64 rows=1175 width=51) (actual time=8574.714..8574.818 rows=1842 loops=1)
   Sort Key: supplier.s_name
   Sort Method: quicksort  Memory: 264kB
   Buffers: shared hit=2704446 read=398173 written=81292
   ->  Nested Loop  (cost=12736286.07..12740695.78 rows=1175 width=51) (actual time=8491.410..8565.976 rows=1842 loops=1)
         Join Filter: (supplier.s_nationkey = nation.n_nationkey)
         Rows Removed by Join Filter: 42876
         Buffers: shared hit=2704441 read=398173 written=81292
         ->  Seq Scan on nation  (cost=0.00..1.31 rows=1 width=4) (actual time=0.016..0.025 rows=1 loops=1)
               Filter: (n_name = 'ARGENTINA'::bpchar)
               Rows Removed by Filter: 24
               Buffers: shared hit=1
         ->  Hash Semi Join  (cost=12736286.07..12740327.43 rows=29363 width=55) (actual time=8491.364..8561.743 rows=44718 loops=1)
               Hash Cond: (supplier.s_suppkey = partsupp.ps_suppkey)
               Buffers: shared hit=2704440 read=398173 written=81292
               ->  Seq Scan on supplier  (cost=0.00..3179.00 rows=100000 width=59) (actual time=0.014..30.318 rows=100000 loops=1)
                     Buffers: shared hit=2179
               ->  Hash  (cost=12735919.03..12735919.03 rows=29363 width=4) (actual time=8491.245..8491.245 rows=44718 loops=1)
                     Buckets: 4096  Batches: 1  Memory Usage: 1573kB
                     Buffers: shared hit=2702261 read=398173 written=81292
                     ->  HashAggregate  (cost=12735331.77..12735625.40 rows=29363 width=4) (actual time=8473.520..8483.137 rows=44718 loops=1)
                           Buffers: shared hit=2702261 read=398173 written=81292
                           ->  Nested Loop  (cost=0.00..12735258.36 rows=29363 width=4) (actual time=0.505..8425.439 rows=59128 loops=1)
                                 Buffers: shared hit=2702261 read=398173 written=81292
                                 ->  Seq Scan on part  (cost=0.00..65522.00 rows=22022 width=4) (actual time=0.031..575.458 rows=21695 loops=1)
                                       Filter: ((p_name)::text ~~ 'royal%'::text)
                                       Rows Removed by Filter: 1978305
                                       Buffers: shared hit=40522
                                 ->  Index Scan using pk_partsupp on partsupp  (cost=0.00..575.31 rows=1 width=8) (actual time=0.312..0.361 rows=3 loops=21695)
                                       Index Cond: (ps_partkey = part.p_partkey)
                                       Filter: ((ps_availqty)::double precision > (SubPlan 1))
                                       Rows Removed by Filter: 1
                                       Buffers: shared hit=2661739 read=398173 written=81292
                                       SubPlan 1
                                         ->  Aggregate  (cost=140.92..140.94 rows=1 width=4) (actual time=0.085..0.085 rows=1 loops=86780)
                                               Buffers: shared hit=2572215 read=398158 written=81292
                                               ->  Index Scan using lineitem_l_partkey_l_quantity_l_shipmode_idx on lineitem  (cost=0.00..140.92 rows=1 width=4) (actual time=0.053..0.084 rows=1 loops=86780)
                                                     Index Cond: (l_partkey = partsupp.ps_partkey)
                                                     Filter: ((l_shipdate >= '1996-01-01'::date) AND (l_shipdate < '1997-01-01'::date) AND (l_suppkey = partsupp.ps_suppkey))
                                                     Rows Removed by Filter: 29
                                                     Buffers: shared hit=2572215 read=398158 written=81292
 Total runtime: 8575.907 ms
(42 rows)

COMMIT;
COMMIT
