BEGIN;
BEGIN
EXPLAIN (ANALYZE, BUFFERS)
select
	s_name,
	count(*) as numwait
from
	supplier,
	lineitem l1,
	orders,
	nation
where
	s_suppkey = l1.l_suppkey
	and o_orderkey = l1.l_orderkey
	and o_orderstatus = 'F'
	and l1.l_receiptdate > l1.l_commitdate
	and exists (
		select
			*
		from
			lineitem l2
		where
			l2.l_orderkey = l1.l_orderkey
			and l2.l_suppkey <> l1.l_suppkey
	)
	and not exists (
		select
			*
		from
			lineitem l3
		where
			l3.l_orderkey = l1.l_orderkey
			and l3.l_suppkey <> l1.l_suppkey
			and l3.l_receiptdate > l3.l_commitdate
	)
	and s_nationkey = n_nationkey
	and n_name = 'MOROCCO'
group by
	s_name
order by
	numwait desc,
	s_name
LIMIT 100;
                                                                                               QUERY PLAN                                                                                               
--------------------------------------------------------------------------------------------------------------------------------------------------------------------------------------------------------
 Limit  (cost=4804053.26..4804053.26 rows=1 width=26) (actual time=78295.823..78295.844 rows=100 loops=1)
   Buffers: shared hit=10156097 read=1366092, temp read=161677 written=161671
   ->  Sort  (cost=4804053.26..4804053.26 rows=1 width=26) (actual time=78295.818..78295.831 rows=100 loops=1)
         Sort Key: (count(*)), supplier.s_name
         Sort Method: top-N heapsort  Memory: 32kB
         Buffers: shared hit=10156097 read=1366092, temp read=161677 written=161671
         ->  HashAggregate  (cost=4804053.24..4804053.25 rows=1 width=26) (actual time=78292.098..78293.414 rows=3989 loops=1)
               Buffers: shared hit=10156089 read=1366092, temp read=161677 written=161671
               ->  Nested Loop Anti Join  (cost=2654478.55..4804053.23 rows=1 width=26) (actual time=30597.796..78236.599 rows=39780 loops=1)
                     Buffers: shared hit=10156089 read=1366092, temp read=161677 written=161671
                     ->  Nested Loop  (cost=2654478.55..4804038.33 rows=1 width=34) (actual time=30587.946..70704.519 rows=704386 loops=1)
                           Join Filter: (l1.l_orderkey = orders.o_orderkey)
                           Buffers: shared hit=7030379 read=954926, temp read=161677 written=161671
                           ->  Hash Semi Join  (cost=2654478.55..4804036.38 rows=1 width=38) (actual time=30587.790..63371.355 rows=1460650 loops=1)
                                 Hash Cond: (l1.l_orderkey = l2.l_orderkey)
                                 Join Filter: (l2.l_suppkey <> l1.l_suppkey)
                                 Rows Removed by Join Filter: 378602
                                 Buffers: shared hit=1280341 read=854480, temp read=161677 written=161671
                                 ->  Hash Join  (cost=2441.58..1902539.02 rows=800463 width=34) (actual time=18.404..24999.680 rows=1514717 loops=1)
                                       Hash Cond: (l1.l_suppkey = supplier.s_suppkey)
                                       Buffers: shared hit=567585 read=500761
                                       ->  Seq Scan on lineitem l1  (cost=0.00..1817036.65 rows=20014977 width=8) (actual time=0.013..17927.390 rows=37967116 loops=1)
                                             Filter: (l_receiptdate > l_commitdate)
                                             Rows Removed by Filter: 22078553
                                             Buffers: shared hit=565728 read=500747
                                       ->  Hash  (cost=2391.58..2391.58 rows=4000 width=30) (actual time=18.366..18.366 rows=3990 loops=1)
                                             Buckets: 1024  Batches: 1  Memory Usage: 250kB
                                             Buffers: shared hit=1854 read=14
                                             ->  Nested Loop  (cost=79.26..2391.58 rows=4000 width=30) (actual time=1.182..17.066 rows=3990 loops=1)
                                                   Buffers: shared hit=1854 read=14
                                                   ->  Seq Scan on nation  (cost=0.00..1.31 rows=1 width=4) (actual time=0.009..0.014 rows=1 loops=1)
                                                         Filter: (n_name = 'MOROCCO'::bpchar)
                                                         Rows Removed by Filter: 24
                                                         Buffers: shared hit=1
                                                   ->  Bitmap Heap Scan on supplier  (cost=79.26..2350.26 rows=4000 width=34) (actual time=1.166..16.163 rows=3990 loops=1)
                                                         Recheck Cond: (s_nationkey = nation.n_nationkey)
                                                         Buffers: shared hit=1853 read=14
                                                         ->  Bitmap Index Scan on supplier_s_nationkey_s_suppkey_idx  (cost=0.00..78.26 rows=4000 width=0) (actual time=0.853..0.853 rows=3990 loops=1)
                                                               Index Cond: (s_nationkey = nation.n_nationkey)
                                                               Buffers: shared read=14
                                 ->  Hash  (cost=1666924.32..1666924.32 rows=60044932 width=8) (actual time=30546.258..30546.258 rows=60045669 loops=1)
                                       Buckets: 4194304  Batches: 4  Memory Usage: 586630kB
                                       Buffers: shared hit=712756 read=353719, temp written=153903
                                       ->  Seq Scan on lineitem l2  (cost=0.00..1666924.32 rows=60044932 width=8) (actual time=0.005..16990.095 rows=60045669 loops=1)
                                             Buffers: shared hit=712756 read=353719
                           ->  Index Scan using pk_orders on orders  (cost=0.00..1.94 rows=1 width=4) (actual time=0.004..0.005 rows=0 loops=1460650)
                                 Index Cond: (o_orderkey = l2.l_orderkey)
                                 Filter: (o_orderstatus = 'F'::bpchar)
                                 Rows Removed by Filter: 1
                                 Buffers: shared hit=5750038 read=100446
                     ->  Index Scan using pk_lineitem on lineitem l3  (cost=0.00..7.42 rows=5 width=8) (actual time=0.010..0.010 rows=1 loops=704386)
                           Index Cond: (l_orderkey = l1.l_orderkey)
                           Filter: ((l_receiptdate > l_commitdate) AND (l_suppkey <> l1.l_suppkey))
                           Rows Removed by Filter: 1
                           Buffers: shared hit=3125710 read=411166
 Total runtime: 78296.610 ms
(56 rows)

COMMIT;
COMMIT
