BEGIN;
BEGIN
EXPLAIN (ANALYZE, BUFFERS)
select
	s_name,
	s_address
from
	supplier,
	nation
where
	s_suppkey in (
		select
			distinct (ps_suppkey)
		from
			partsupp,
			part
		where
			ps_partkey=p_partkey
			and p_name like 'azure%'
			and ps_availqty > (
				select
					0.5 * sum(l_quantity)
				from
					lineitem
				where
					l_partkey = ps_partkey
					and l_suppkey = ps_suppkey
					and l_shipdate >= '1996-01-01'
					and l_shipdate < cast(date '1996-01-01' + interval '1 year' as date)
			)
	)
	and s_nationkey = n_nationkey
	and n_name = 'SAUDI ARABIA'
order by
	s_name;
                                                                                                  QUERY PLAN                                                                                                   
---------------------------------------------------------------------------------------------------------------------------------------------------------------------------------------------------------------
 Sort  (cost=12740755.70..12740758.64 rows=1175 width=51) (actual time=64756.917..64757.045 rows=1818 loops=1)
   Sort Key: supplier.s_name
   Sort Method: quicksort  Memory: 259kB
   Buffers: shared hit=2795574 read=352224 dirtied=4453 written=196
   ->  Nested Loop  (cost=12736286.07..12740695.78 rows=1175 width=51) (actual time=64430.807..64746.624 rows=1818 loops=1)
         Join Filter: (supplier.s_nationkey = nation.n_nationkey)
         Rows Removed by Join Filter: 43463
         Buffers: shared hit=2795569 read=352224 dirtied=4453 written=196
         ->  Seq Scan on nation  (cost=0.00..1.31 rows=1 width=4) (actual time=0.381..0.389 rows=1 loops=1)
               Filter: (n_name = 'SAUDI ARABIA'::bpchar)
               Rows Removed by Filter: 24
               Buffers: shared hit=1
         ->  Hash Semi Join  (cost=12736286.07..12740327.43 rows=29363 width=55) (actual time=64430.178..64738.966 rows=45281 loops=1)
               Hash Cond: (supplier.s_suppkey = partsupp.ps_suppkey)
               Buffers: shared hit=2795568 read=352224 dirtied=4453 written=196
               ->  Seq Scan on supplier  (cost=0.00..3179.00 rows=100000 width=59) (actual time=0.032..92.043 rows=100000 loops=1)
                     Buffers: shared hit=2179
               ->  Hash  (cost=12735919.03..12735919.03 rows=29363 width=4) (actual time=64430.084..64430.084 rows=45281 loops=1)
                     Buckets: 4096  Batches: 1  Memory Usage: 1592kB
                     Buffers: shared hit=2793389 read=352224 dirtied=4453 written=196
                     ->  HashAggregate  (cost=12735331.77..12735625.40 rows=29363 width=4) (actual time=64385.819..64415.839 rows=45281 loops=1)
                           Buffers: shared hit=2793389 read=352224 dirtied=4453 written=196
                           ->  Nested Loop  (cost=0.00..12735258.36 rows=29363 width=4) (actual time=13.062..64188.003 rows=60134 loops=1)
                                 Buffers: shared hit=2793389 read=352224 dirtied=4453 written=196
                                 ->  Seq Scan on part  (cost=0.00..65522.00 rows=22022 width=4) (actual time=0.176..3038.408 rows=21968 loops=1)
                                       Filter: ((p_name)::text ~~ 'azure%'::text)
                                       Rows Removed by Filter: 1978032
                                       Buffers: shared hit=7355 read=33167 written=24
                                 ->  Index Scan using pk_partsupp on partsupp  (cost=0.00..575.31 rows=1 width=8) (actual time=1.788..2.778 rows=3 loops=21968)
                                       Index Cond: (ps_partkey = part.p_partkey)
                                       Filter: ((ps_availqty)::double precision > (SubPlan 1))
                                       Rows Removed by Filter: 1
                                       Buffers: shared hit=2786034 read=319057 dirtied=4453 written=172
                                       SubPlan 1
                                         ->  Aggregate  (cost=140.92..140.94 rows=1 width=4) (actual time=0.658..0.658 rows=1 loops=87872)
                                               Buffers: shared hit=2718597 read=295863 dirtied=4453 written=159
                                               ->  Index Scan using lineitem_l_partkey_l_quantity_l_shipmode_idx on lineitem  (cost=0.00..140.92 rows=1 width=4) (actual time=0.416..0.654 rows=1 loops=87872)
                                                     Index Cond: (l_partkey = partsupp.ps_partkey)
                                                     Filter: ((l_shipdate >= '1996-01-01'::date) AND (l_shipdate < '1997-01-01'::date) AND (l_suppkey = partsupp.ps_suppkey))
                                                     Rows Removed by Filter: 29
                                                     Buffers: shared hit=2718597 read=295863 dirtied=4453 written=159
 Total runtime: 64759.077 ms
(42 rows)

COMMIT;
COMMIT
