BEGIN;
BEGIN
EXPLAIN (ANALYZE, BUFFERS)
select
	s_name,
	s_address
from
	supplier,
	nation
where
	s_suppkey in (
		select
			distinct (ps_suppkey)
		from
			partsupp,
			part
		where
			ps_partkey=p_partkey
			and p_name like 'salmon%'
			and ps_availqty > (
				select
					0.5 * sum(l_quantity)
				from
					lineitem
				where
					l_partkey = ps_partkey
					and l_suppkey = ps_suppkey
					and l_shipdate >= '1993-01-01'
					and l_shipdate < cast(date '1993-01-01' + interval '1 year' as date)
			)
	)
	and s_nationkey = n_nationkey
	and n_name = 'EGYPT'
order by
	s_name;
                                                                                                  QUERY PLAN                                                                                                   
---------------------------------------------------------------------------------------------------------------------------------------------------------------------------------------------------------------
 Sort  (cost=12740755.70..12740758.64 rows=1175 width=51) (actual time=77347.532..77347.649 rows=1791 loops=1)
   Sort Key: supplier.s_name
   Sort Method: quicksort  Memory: 257kB
   Buffers: shared hit=2723213 read=385493 dirtied=2931 written=24
   ->  Nested Loop  (cost=12736286.07..12740695.78 rows=1175 width=51) (actual time=77059.170..77338.009 rows=1791 loops=1)
         Join Filter: (supplier.s_nationkey = nation.n_nationkey)
         Rows Removed by Join Filter: 42839
         Buffers: shared hit=2723208 read=385493 dirtied=2931 written=24
         ->  Seq Scan on nation  (cost=0.00..1.31 rows=1 width=4) (actual time=0.013..0.028 rows=1 loops=1)
               Filter: (n_name = 'EGYPT'::bpchar)
               Rows Removed by Filter: 24
               Buffers: shared hit=1
         ->  Hash Semi Join  (cost=12736286.07..12740327.43 rows=29363 width=55) (actual time=77059.103..77331.078 rows=44630 loops=1)
               Hash Cond: (supplier.s_suppkey = partsupp.ps_suppkey)
               Buffers: shared hit=2723207 read=385493 dirtied=2931 written=24
               ->  Seq Scan on supplier  (cost=0.00..3179.00 rows=100000 width=59) (actual time=0.015..80.901 rows=100000 loops=1)
                     Buffers: shared hit=2179
               ->  Hash  (cost=12735919.03..12735919.03 rows=29363 width=4) (actual time=77059.042..77059.042 rows=44630 loops=1)
                     Buckets: 4096  Batches: 1  Memory Usage: 1570kB
                     Buffers: shared hit=2721028 read=385493 dirtied=2931 written=24
                     ->  HashAggregate  (cost=12735331.77..12735625.40 rows=29363 width=4) (actual time=77024.263..77047.159 rows=44630 loops=1)
                           Buffers: shared hit=2721028 read=385493 dirtied=2931 written=24
                           ->  Nested Loop  (cost=0.00..12735258.36 rows=29363 width=4) (actual time=1.637..76807.272 rows=59015 loops=1)
                                 Buffers: shared hit=2721028 read=385493 dirtied=2931 written=24
                                 ->  Seq Scan on part  (cost=0.00..65522.00 rows=22022 width=4) (actual time=0.040..3288.103 rows=21733 loops=1)
                                       Filter: ((p_name)::text ~~ 'salmon%'::text)
                                       Rows Removed by Filter: 1978267
                                       Buffers: shared hit=12039 read=28483 written=1
                                 ->  Index Scan using pk_partsupp on partsupp  (cost=0.00..575.31 rows=1 width=8) (actual time=2.147..3.376 rows=3 loops=21733)
                                       Index Cond: (ps_partkey = part.p_partkey)
                                       Filter: ((ps_availqty)::double precision > (SubPlan 1))
                                       Rows Removed by Filter: 1
                                       Buffers: shared hit=2708989 read=357010 dirtied=2931 written=23
                                       SubPlan 1
                                         ->  Aggregate  (cost=140.92..140.94 rows=1 width=4) (actual time=0.801..0.801 rows=1 loops=86932)
                                               Buffers: shared hit=2642658 read=333563 dirtied=2931 written=22
                                               ->  Index Scan using lineitem_l_partkey_l_quantity_l_shipmode_idx on lineitem  (cost=0.00..140.92 rows=1 width=4) (actual time=0.512..0.796 rows=1 loops=86932)
                                                     Index Cond: (l_partkey = partsupp.ps_partkey)
                                                     Filter: ((l_shipdate >= '1993-01-01'::date) AND (l_shipdate < '1994-01-01'::date) AND (l_suppkey = partsupp.ps_suppkey))
                                                     Rows Removed by Filter: 29
                                                     Buffers: shared hit=2642658 read=333563 dirtied=2931 written=22
 Total runtime: 77349.815 ms
(42 rows)

COMMIT;
COMMIT
