BEGIN;
BEGIN
EXPLAIN (ANALYZE, BUFFERS)
select
	s_name,
	s_address
from
	supplier,
	nation
where
	s_suppkey in (
		select
			distinct (ps_suppkey)
		from
			partsupp,
			part
		where
			ps_partkey=p_partkey
			and p_name like 'orange%'
			and ps_availqty > (
				select
					0.5 * sum(l_quantity)
				from
					lineitem
				where
					l_partkey = ps_partkey
					and l_suppkey = ps_suppkey
					and l_shipdate >= '1994-01-01'
					and l_shipdate < cast(date '1994-01-01' + interval '1 year' as date)
			)
	)
	and s_nationkey = n_nationkey
	and n_name = 'GERMANY'
order by
	s_name;
                                                                                               QUERY PLAN                                                                                                
---------------------------------------------------------------------------------------------------------------------------------------------------------------------------------------------------------
 Sort  (cost=11590897.05..11590899.72 rows=1068 width=51) (actual time=76278.243..76278.404 rows=1780 loops=1)
   Sort Key: supplier.s_name
   Sort Method: quicksort  Memory: 254kB
   Buffers: shared hit=2696771 read=402823 dirtied=2927 written=11342
   ->  Hash Semi Join  (cost=11588498.42..11590843.32 rows=1068 width=51) (actual time=76169.922..76266.816 rows=1780 loops=1)
         Hash Cond: (supplier.s_suppkey = partsupp.ps_suppkey)
         Buffers: shared hit=2696766 read=402823 dirtied=2927 written=11342
         ->  Nested Loop  (cost=79.26..2391.58 rows=4000 width=55) (actual time=1.963..86.971 rows=4049 loops=1)
               Buffers: shared hit=1832 read=14
               ->  Seq Scan on nation  (cost=0.00..1.31 rows=1 width=4) (actual time=0.015..0.025 rows=1 loops=1)
                     Filter: (n_name = 'GERMANY'::bpchar)
                     Rows Removed by Filter: 24
                     Buffers: shared hit=1
               ->  Bitmap Heap Scan on supplier  (cost=79.26..2350.26 rows=4000 width=59) (actual time=1.940..85.548 rows=4049 loops=1)
                     Recheck Cond: (s_nationkey = nation.n_nationkey)
                     Buffers: shared hit=1831 read=14
                     ->  Bitmap Index Scan on supplier_s_nationkey_s_suppkey_idx  (cost=0.00..78.26 rows=4000 width=0) (actual time=1.540..1.540 rows=4049 loops=1)
                           Index Cond: (s_nationkey = nation.n_nationkey)
                           Buffers: shared read=14
         ->  Hash  (cost=11588085.49..11588085.49 rows=26693 width=4) (actual time=76167.903..76167.903 rows=44628 loops=1)
               Buckets: 4096  Batches: 1  Memory Usage: 1569kB
               Buffers: shared hit=2694934 read=402809 dirtied=2927 written=11342
               ->  HashAggregate  (cost=11587551.63..11587818.56 rows=26693 width=4) (actual time=76130.744..76155.903 rows=44628 loops=1)
                     Buffers: shared hit=2694934 read=402809 dirtied=2927 written=11342
                     ->  Nested Loop  (cost=0.00..11587484.90 rows=26693 width=4) (actual time=9.387..75914.549 rows=58820 loops=1)
                           Buffers: shared hit=2694934 read=402809 dirtied=2927 written=11342
                           ->  Seq Scan on part  (cost=0.00..65522.00 rows=20020 width=4) (actual time=0.164..3042.135 rows=21619 loops=1)
                                 Filter: ((p_name)::text ~~ 'orange%'::text)
                                 Rows Removed by Filter: 1978381
                                 Buffers: shared hit=12617 read=27905 written=830
                           ->  Index Scan using pk_partsupp on partsupp  (cost=0.00..575.51 rows=1 width=8) (actual time=2.161..3.364 rows=3 loops=21619)
                                 Index Cond: (ps_partkey = part.p_partkey)
                                 Filter: ((ps_availqty)::double precision > (SubPlan 1))
                                 Rows Removed by Filter: 1
                                 Buffers: shared hit=2682317 read=374904 dirtied=2927 written=10512
                                 SubPlan 1
                                   ->  Aggregate  (cost=140.92..140.94 rows=1 width=4) (actual time=0.799..0.799 rows=1 loops=86476)
                                         Buffers: shared hit=2616857 read=350991 dirtied=2927 written=9964
                                         ->  Index Scan using lineitem_l_partkey_l_quantity_l_shipmode_idx on lineitem  (cost=0.00..140.92 rows=1 width=4) (actual time=0.510..0.795 rows=1 loops=86476)
                                               Index Cond: (l_partkey = partsupp.ps_partkey)
                                               Filter: ((l_shipdate >= '1994-01-01'::date) AND (l_shipdate < '1995-01-01'::date) AND (l_suppkey = partsupp.ps_suppkey))
                                               Rows Removed by Filter: 29
                                               Buffers: shared hit=2616857 read=350991 dirtied=2927 written=9964
 Total runtime: 76280.654 ms
(44 rows)

COMMIT;
COMMIT
