BEGIN;
BEGIN
EXPLAIN (ANALYZE, BUFFERS)
select
	s_name,
	count(*) as numwait
from
	supplier,
	lineitem l1,
	orders,
	nation
where
	s_suppkey = l1.l_suppkey
	and o_orderkey = l1.l_orderkey
	and o_orderstatus = 'F'
	and l1.l_receiptdate > l1.l_commitdate
	and exists (
		select
			*
		from
			lineitem l2
		where
			l2.l_orderkey = l1.l_orderkey
			and l2.l_suppkey <> l1.l_suppkey
	)
	and not exists (
		select
			*
		from
			lineitem l3
		where
			l3.l_orderkey = l1.l_orderkey
			and l3.l_suppkey <> l1.l_suppkey
			and l3.l_receiptdate > l3.l_commitdate
	)
	and s_nationkey = n_nationkey
	and n_name = 'UNITED STATES'
group by
	s_name
order by
	numwait desc,
	s_name
LIMIT 100;
                                                                                               QUERY PLAN                                                                                               
--------------------------------------------------------------------------------------------------------------------------------------------------------------------------------------------------------
 Limit  (cost=4818421.15..4818421.15 rows=1 width=26) (actual time=370511.325..370511.346 rows=100 loops=1)
   Buffers: shared hit=10212486 read=1362344 dirtied=69 written=8493, temp read=161708 written=161702
   ->  Sort  (cost=4818421.15..4818421.15 rows=1 width=26) (actual time=370511.320..370511.328 rows=100 loops=1)
         Sort Key: (count(*)), supplier.s_name
         Sort Method: top-N heapsort  Memory: 32kB
         Buffers: shared hit=10212486 read=1362344 dirtied=69 written=8493, temp read=161708 written=161702
         ->  HashAggregate  (cost=4818421.13..4818421.14 rows=1 width=26) (actual time=370506.411..370508.343 rows=4004 loops=1)
               Buffers: shared hit=10212478 read=1362344 dirtied=69 written=8493, temp read=161708 written=161702
               ->  Nested Loop Anti Join  (cost=2662413.90..4818421.12 rows=1 width=26) (actual time=100362.673..370268.077 rows=40124 loops=1)
                     Buffers: shared hit=10212478 read=1362344 dirtied=69 written=8493, temp read=161708 written=161702
                     ->  Nested Loop  (cost=2662413.90..4818406.15 rows=1 width=34) (actual time=100360.646..279980.728 rows=708417 loops=1)
                           Join Filter: (l1.l_orderkey = orders.o_orderkey)
                           Buffers: shared hit=7169931 read=847790 dirtied=69 written=1601, temp read=161708 written=161702
                           ->  Hash Semi Join  (cost=2662413.90..4818404.19 rows=1 width=38) (actual time=100360.595..207333.204 rows=1467129 loops=1)
                                 Hash Cond: (l1.l_orderkey = l2.l_orderkey)
                                 Join Filter: (l2.l_suppkey <> l1.l_suppkey)
                                 Rows Removed by Join Filter: 380796
                                 Buffers: shared hit=1338575 read=802633 written=52, temp read=161708 written=161702
                                 ->  Hash Join  (cost=2441.58..1908224.30 rows=802858 width=34) (actual time=91.017..91668.712 rows=1521314 loops=1)
                                       Hash Cond: (l1.l_suppkey = supplier.s_suppkey)
                                       Buffers: shared hit=762363 read=309179 written=52
                                       ->  Seq Scan on lineitem l1  (cost=0.00..1822473.40 rows=20074864 width=8) (actual time=0.051..64931.326 rows=37966584 loops=1)
                                             Filter: (l_receiptdate > l_commitdate)
                                             Rows Removed by Filter: 22078719
                                             Buffers: shared hit=760501 read=309165 written=52
                                       ->  Hash  (cost=2391.58..2391.58 rows=4000 width=30) (actual time=90.875..90.875 rows=4004 loops=1)
                                             Buckets: 1024  Batches: 1  Memory Usage: 251kB
                                             Buffers: shared hit=1859 read=14
                                             ->  Nested Loop  (cost=79.26..2391.58 rows=4000 width=30) (actual time=3.906..88.160 rows=4004 loops=1)
                                                   Buffers: shared hit=1859 read=14
                                                   ->  Seq Scan on nation  (cost=0.00..1.31 rows=1 width=4) (actual time=0.015..0.016 rows=1 loops=1)
                                                         Filter: (n_name = 'UNITED STATES'::bpchar)
                                                         Rows Removed by Filter: 24
                                                         Buffers: shared hit=1
                                                   ->  Bitmap Heap Scan on supplier  (cost=79.26..2350.26 rows=4000 width=34) (actual time=3.882..86.448 rows=4004 loops=1)
                                                         Recheck Cond: (s_nationkey = nation.n_nationkey)
                                                         Buffers: shared hit=1858 read=14
                                                         ->  Bitmap Index Scan on supplier_s_nationkey_s_suppkey_idx  (cost=0.00..78.26 rows=4000 width=0) (actual time=3.113..3.113 rows=4004 loops=1)
                                                               Index Cond: (s_nationkey = nation.n_nationkey)
                                                               Buffers: shared read=14
                                 ->  Hash  (cost=1671911.92..1671911.92 rows=60224592 width=8) (actual time=100232.553..100232.553 rows=60045303 loops=1)
                                       Buckets: 4194304  Batches: 4  Memory Usage: 586635kB
                                       Buffers: shared hit=576212 read=493454, temp written=153901
                                       ->  Seq Scan on lineitem l2  (cost=0.00..1671911.92 rows=60224592 width=8) (actual time=0.070..71423.919 rows=60045303 loops=1)
                                             Buffers: shared hit=576212 read=493454
                           ->  Index Scan using pk_orders on orders  (cost=0.00..1.95 rows=1 width=4) (actual time=0.048..0.048 rows=0 loops=1467129)
                                 Index Cond: (o_orderkey = l2.l_orderkey)
                                 Filter: (o_orderstatus = 'F'::bpchar)
                                 Rows Removed by Filter: 1
                                 Buffers: shared hit=5831356 read=45157 dirtied=69 written=1549
                     ->  Index Scan using pk_lineitem on lineitem l3  (cost=0.00..7.46 rows=5 width=8) (actual time=0.126..0.126 rows=1 loops=708417)
                           Index Cond: (l_orderkey = l1.l_orderkey)
                           Filter: ((l_receiptdate > l_commitdate) AND (l_suppkey <> l1.l_suppkey))
                           Rows Removed by Filter: 1
                           Buffers: shared hit=3042547 read=514554 written=6892
 Total runtime: 370512.732 ms
(56 rows)

COMMIT;
COMMIT
