BEGIN;
BEGIN
EXPLAIN (ANALYZE, BUFFERS)
select
	s_name,
	s_address
from
	supplier,
	nation
where
	s_suppkey in (
		select
			distinct (ps_suppkey)
		from
			partsupp,
			part
		where
			ps_partkey=p_partkey
			and p_name like 'powder%'
			and ps_availqty > (
				select
					0.5 * sum(l_quantity)
				from
					lineitem
				where
					l_partkey = ps_partkey
					and l_suppkey = ps_suppkey
					and l_shipdate >= '1996-01-01'
					and l_shipdate < cast(date '1996-01-01' + interval '1 year' as date)
			)
	)
	and s_nationkey = n_nationkey
	and n_name = 'FRANCE'
order by
	s_name;
                                                                                                  QUERY PLAN                                                                                                   
---------------------------------------------------------------------------------------------------------------------------------------------------------------------------------------------------------------
 Sort  (cost=12740755.70..12740758.64 rows=1175 width=51) (actual time=70005.868..70005.972 rows=1759 loops=1)
   Sort Key: supplier.s_name
   Sort Method: quicksort  Memory: 255kB
   Buffers: shared hit=2722569 read=407288 dirtied=5487 written=332
   ->  Nested Loop  (cost=12736286.07..12740695.78 rows=1175 width=51) (actual time=69675.431..69992.669 rows=1759 loops=1)
         Join Filter: (supplier.s_nationkey = nation.n_nationkey)
         Rows Removed by Join Filter: 43123
         Buffers: shared hit=2722564 read=407288 dirtied=5487 written=332
         ->  Seq Scan on nation  (cost=0.00..1.31 rows=1 width=4) (actual time=0.018..0.029 rows=1 loops=1)
               Filter: (n_name = 'FRANCE'::bpchar)
               Rows Removed by Filter: 24
               Buffers: shared hit=1
         ->  Hash Semi Join  (cost=12736286.07..12740327.43 rows=29363 width=55) (actual time=69675.146..69984.585 rows=44882 loops=1)
               Hash Cond: (supplier.s_suppkey = partsupp.ps_suppkey)
               Buffers: shared hit=2722563 read=407288 dirtied=5487 written=332
               ->  Seq Scan on supplier  (cost=0.00..3179.00 rows=100000 width=59) (actual time=0.032..110.858 rows=100000 loops=1)
                     Buffers: shared hit=2179
               ->  Hash  (cost=12735919.03..12735919.03 rows=29363 width=4) (actual time=69675.052..69675.052 rows=44882 loops=1)
                     Buckets: 4096  Batches: 1  Memory Usage: 1578kB
                     Buffers: shared hit=2720384 read=407288 dirtied=5487 written=332
                     ->  HashAggregate  (cost=12735331.77..12735625.40 rows=29363 width=4) (actual time=69626.076..69653.648 rows=44882 loops=1)
                           Buffers: shared hit=2720384 read=407288 dirtied=5487 written=332
                           ->  Nested Loop  (cost=0.00..12735258.36 rows=29363 width=4) (actual time=8.229..69435.634 rows=59374 loops=1)
                                 Buffers: shared hit=2720384 read=407288 dirtied=5487 written=332
                                 ->  Seq Scan on part  (cost=0.00..65522.00 rows=22022 width=4) (actual time=0.152..3170.808 rows=21871 loops=1)
                                       Filter: ((p_name)::text ~~ 'powder%'::text)
                                       Rows Removed by Filter: 1978129
                                       Buffers: shared hit=7095 read=33427 written=30
                                 ->  Index Scan using pk_partsupp on partsupp  (cost=0.00..575.31 rows=1 width=8) (actual time=1.995..3.024 rows=3 loops=21871)
                                       Index Cond: (ps_partkey = part.p_partkey)
                                       Filter: ((ps_availqty)::double precision > (SubPlan 1))
                                       Rows Removed by Filter: 1
                                       Buffers: shared hit=2713289 read=373861 dirtied=5487 written=302
                                       SubPlan 1
                                         ->  Aggregate  (cost=140.92..140.94 rows=1 width=4) (actual time=0.717..0.717 rows=1 loops=87484)
                                               Buffers: shared hit=2647114 read=349708 dirtied=5487 written=285
                                               ->  Index Scan using lineitem_l_partkey_l_quantity_l_shipmode_idx on lineitem  (cost=0.00..140.92 rows=1 width=4) (actual time=0.458..0.713 rows=1 loops=87484)
                                                     Index Cond: (l_partkey = partsupp.ps_partkey)
                                                     Filter: ((l_shipdate >= '1996-01-01'::date) AND (l_shipdate < '1997-01-01'::date) AND (l_suppkey = partsupp.ps_suppkey))
                                                     Rows Removed by Filter: 29
                                                     Buffers: shared hit=2647114 read=349708 dirtied=5487 written=285
 Total runtime: 70007.928 ms
(42 rows)

COMMIT;
COMMIT
