BEGIN;
BEGIN
EXPLAIN (ANALYZE, BUFFERS)
select
	sum(l_extendedprice* (1 - l_discount)) as revenue
from
	lineitem,
	part
where
	(
		p_partkey = l_partkey
		and p_brand = 'Brand#23'
		and p_container in ('SM CASE', 'SM BOX', 'SM PACK', 'SM PKG')
		and l_quantity >= 3 and l_quantity <= 3+10
		and p_size between 1 and 5
		and l_shipmode in ('AIR', 'AIR REG')
		and l_shipinstruct = 'DELIVER IN PERSON'
	)
	or
	(
		p_partkey = l_partkey
		and p_brand = 'Brand#43'
		and p_container in ('MED BAG', 'MED BOX', 'MED PKG', 'MED PACK')
		and l_quantity >= 19 and l_quantity <= 19+10
		and p_size between 1 and 10
		and l_shipmode in ('AIR', 'AIR REG')
		and l_shipinstruct = 'DELIVER IN PERSON'
	)
	or
	(
		p_partkey = l_partkey
		and p_brand = 'Brand#11'
		and p_container in ('LG CASE', 'LG BOX', 'LG PACK', 'LG PKG')
		and l_quantity >= 28 and l_quantity <= 28+10
		and p_size between 1 and 15
		and l_shipmode in ('AIR', 'AIR REG')
		and l_shipinstruct = 'DELIVER IN PERSON'
	);
                                                                                                                                                                                                                                                                                                                                                                                                                                                                                                                                                                                                       QUERY PLAN                                                                                                                                                                                                                                                                                                                                                                                                                                                                                                                                                                                                       
------------------------------------------------------------------------------------------------------------------------------------------------------------------------------------------------------------------------------------------------------------------------------------------------------------------------------------------------------------------------------------------------------------------------------------------------------------------------------------------------------------------------------------------------------------------------------------------------------------------------------------------------------------------------------------------------------------------------------------------------------------------------------------------------------------------------------------------------------------------------------------------------------------------------------------------------------------------------------------------------------------------------------------------------------------------------------------------------------------------------------------------------------------------------------------------------------------------------
 Aggregate  (cost=416617.27..416617.28 rows=1 width=8) (actual time=5897.152..5897.152 rows=1 loops=1)
   Buffers: shared hit=107429 read=35009 dirtied=292
   ->  Nested Loop  (cost=13492.98..416609.62 rows=1020 width=8) (actual time=451.561..5893.387 rows=1100 loops=1)
         Buffers: shared hit=107429 read=35009 dirtied=292
         ->  Bitmap Heap Scan on part  (cost=13492.98..37515.11 rows=10305 width=30) (actual time=450.031..1289.484 rows=10402 loops=1)
               Recheck Cond: (((p_container = ANY ('{"SM CASE","SM BOX","SM PACK","SM PKG"}'::bpchar[])) AND (p_brand = 'Brand#23'::bpchar) AND (p_size <= 5) AND (p_size >= 1)) OR ((p_container = ANY ('{"MED BAG","MED BOX","MED PKG","MED PACK"}'::bpchar[])) AND (p_brand = 'Brand#43'::bpchar) AND (p_size <= 10) AND (p_size >= 1)) OR ((p_container = ANY ('{"LG CASE","LG BOX","LG PACK","LG PKG"}'::bpchar[])) AND (p_brand = 'Brand#11'::bpchar)))
               Filter: (p_size >= 1)
               Buffers: shared hit=2799 read=8245
               ->  BitmapOr  (cost=13492.98..13492.98 rows=10315 width=0) (actual time=447.637..447.637 rows=0 loops=1)
                     Buffers: shared hit=559 read=1267
                     ->  BitmapAnd  (cost=4507.05..4507.05 rows=799 width=0) (actual time=193.821..193.821 rows=0 loops=1)
                           Buffers: shared hit=3 read=607
                           ->  Bitmap Index Scan on part_p_container_p_brand_p_partkey_idx  (cost=0.00..289.05 rows=7955 width=0) (actual time=11.071..11.071 rows=8005 loops=1)
                                 Index Cond: ((p_container = ANY ('{"SM CASE","SM BOX","SM PACK","SM PKG"}'::bpchar[])) AND (p_brand = 'Brand#23'::bpchar))
                                 Buffers: shared hit=3 read=58
                           ->  Bitmap Index Scan on part_p_size_idx  (cost=0.00..4212.60 rows=200813 width=0) (actual time=177.232..177.232 rows=199678 loops=1)
                                 Index Cond: ((p_size <= 5) AND (p_size >= 1))
                                 Buffers: shared read=549
                     ->  BitmapAnd  (cost=8710.65..8710.65 rows=1619 width=0) (actual time=240.349..240.349 rows=0 loops=1)
                           Buffers: shared hit=552 read=603
                           ->  Bitmap Index Scan on part_p_container_p_brand_p_partkey_idx  (cost=0.00..290.25 rows=8074 width=0) (actual time=11.200..11.200 rows=7986 loops=1)
                                 Index Cond: ((p_container = ANY ('{"MED BAG","MED BOX","MED PKG","MED PACK"}'::bpchar[])) AND (p_brand = 'Brand#43'::bpchar))
                                 Buffers: shared hit=4 read=57
                           ->  Bitmap Index Scan on part_p_size_idx  (cost=0.00..8415.00 rows=401053 width=0) (actual time=224.509..224.509 rows=399409 loops=1)
                                 Index Cond: ((p_size <= 10) AND (p_size >= 1))
                                 Buffers: shared hit=548 read=546
                     ->  Bitmap Index Scan on part_p_container_p_brand_p_partkey_idx  (cost=0.00..272.45 rows=7897 width=0) (actual time=12.822..12.822 rows=8011 loops=1)
                           Index Cond: ((p_container = ANY ('{"LG CASE","LG BOX","LG PACK","LG PKG"}'::bpchar[])) AND (p_brand = 'Brand#11'::bpchar))
                           Buffers: shared hit=4 read=57
         ->  Index Scan using lineitem_l_partkey_l_quantity_l_shipmode_idx on lineitem  (cost=0.00..36.78 rows=1 width=16) (actual time=0.414..0.433 rows=0 loops=10402)
               Index Cond: ((l_partkey = part.p_partkey) AND (l_shipmode = ANY ('{AIR,"AIR REG"}'::bpchar[])))
               Filter: ((l_shipinstruct = 'DELIVER IN PERSON'::bpchar) AND (((l_quantity >= 3::double precision) AND (l_quantity <= 13::double precision) AND (l_shipmode = ANY ('{AIR,"AIR REG"}'::bpchar[]))) OR ((l_quantity >= 19::double precision) AND (l_quantity <= 29::double precision) AND (l_shipmode = ANY ('{AIR,"AIR REG"}'::bpchar[]))) OR ((l_quantity >= 28::double precision) AND (l_quantity <= 38::double precision) AND (l_shipmode = ANY ('{AIR,"AIR REG"}'::bpchar[])))) AND (((part.p_brand = 'Brand#23'::bpchar) AND (part.p_container = ANY ('{"SM CASE","SM BOX","SM PACK","SM PKG"}'::bpchar[])) AND (l_quantity >= 3::double precision) AND (l_quantity <= 13::double precision) AND (part.p_size <= 5)) OR ((part.p_brand = 'Brand#43'::bpchar) AND (part.p_container = ANY ('{"MED BAG","MED BOX","MED PKG","MED PACK"}'::bpchar[])) AND (l_quantity >= 19::double precision) AND (l_quantity <= 29::double precision) AND (part.p_size <= 10)) OR ((part.p_brand = 'Brand#11'::bpchar) AND (part.p_container = ANY ('{"LG CASE","LG BOX","LG PACK","LG PKG"}'::bpchar[])) AND (l_quantity >= 28::double precision) AND (l_quantity <= 38::double precision) AND (part.p_size <= 15))))
               Rows Removed by Filter: 4
               Buffers: shared hit=104630 read=26764 dirtied=292
 Total runtime: 5897.692 ms
(35 rows)

COMMIT;
COMMIT
