BEGIN;
BEGIN
EXPLAIN (ANALYZE, BUFFERS)
select
	c_custkey,
	c_name,
	sum(l_extendedprice * (1 - l_discount)) as revenue,
	c_acctbal,
	n_name,
	c_address,
	c_phone,
	c_comment
from
	customer,
	orders,
	lineitem,
	nation
where
	c_custkey = o_custkey
	and l_orderkey = o_orderkey
	and o_orderdate >= date '1994-12-01'
	and o_orderdate < cast(date '1994-12-01' + interval '3 month' as date)
	and l_returnflag = 'R'
	and c_nationkey = n_nationkey
group by
	c_custkey,
	c_name,
	c_acctbal,
	c_phone,
	n_name,
	c_address,
	c_comment
order by
	revenue desc
LIMIT 20;
                                                                                                QUERY PLAN                                                                                                 
-----------------------------------------------------------------------------------------------------------------------------------------------------------------------------------------------------------
 Limit  (cost=1194003.77..1194003.82 rows=20 width=175) (actual time=97621.290..97621.299 rows=20 loops=1)
   Buffers: shared hit=653009 read=776832 dirtied=1183 written=138
   ->  Sort  (cost=1194003.77..1195419.04 rows=566109 width=175) (actual time=97621.286..97621.291 rows=20 loops=1)
         Sort Key: (sum((lineitem.l_extendedprice * (1::double precision - lineitem.l_discount))))
         Sort Method: top-N heapsort  Memory: 30kB
         Buffers: shared hit=653009 read=776832 dirtied=1183 written=138
         ->  HashAggregate  (cost=1173278.72..1178939.81 rows=566109 width=175) (actual time=97099.668..97459.596 rows=371234 loops=1)
               Buffers: shared hit=653006 read=776832 dirtied=1183 written=138
               ->  Hash Join  (cost=400412.77..1159126.00 rows=566109 width=175) (actual time=10799.918..92509.316 rows=1079909 loops=1)
                     Hash Cond: (customer.c_nationkey = nation.n_nationkey)
                     Buffers: shared hit=653006 read=776832 dirtied=1183 written=138
                     ->  Hash Join  (cost=400411.21..1151340.44 rows=566109 width=153) (actual time=10799.865..91509.603 rows=1079909 loops=1)
                           Hash Cond: (orders.o_custkey = customer.c_custkey)
                           Buffers: shared hit=653005 read=776832 dirtied=1183 written=138
                           ->  Merge Join  (cost=331383.21..1070990.26 rows=566109 width=12) (actual time=7460.076..85449.945 rows=1079909 loops=1)
                                 Merge Cond: (orders.o_orderkey = lineitem.l_orderkey)
                                 Buffers: shared hit=617727 read=776832 dirtied=1183 written=138
                                 ->  Sort  (cost=331383.21..332811.06 rows=571140 width=8) (actual time=7459.812..7699.242 rows=561726 loops=1)
                                       Sort Key: orders.o_orderkey
                                       Sort Method: quicksort  Memory: 50907kB
                                       Buffers: shared hit=226055 read=4681 dirtied=234 written=20
                                       ->  Bitmap Heap Scan on orders  (cost=12404.17..276772.27 rows=571140 width=8) (actual time=713.799..7166.127 rows=561726 loops=1)
                                             Recheck Cond: ((o_orderdate >= '1994-12-01'::date) AND (o_orderdate < '1995-03-01'::date))
                                             Buffers: shared hit=226055 read=4681 dirtied=234 written=20
                                             ->  Bitmap Index Scan on orders_o_orderdate_o_orderkey_idx  (cost=0.00..12261.39 rows=571140 width=0) (actual time=606.966..606.966 rows=566854 loops=1)
                                                   Index Cond: ((o_orderdate >= '1994-12-01'::date) AND (o_orderdate < '1995-03-01'::date))
                                                   Buffers: shared hit=11 read=1612 written=20
                                 ->  Index Scan using lineitem_l_orderkey_idx_l_returnflag on lineitem  (cost=0.00..693550.71 rows=15016503 width=12) (actual time=0.111..73841.955 rows=14822770 loops=1)
                                       Buffers: shared hit=391672 read=772151 dirtied=949 written=118
                           ->  Hash  (cost=50278.00..50278.00 rows=1500000 width=145) (actual time=3337.712..3337.712 rows=1500000 loops=1)
                                 Buckets: 262144  Batches: 1  Memory Usage: 265117kB
                                 Buffers: shared hit=35278
                                 ->  Seq Scan on customer  (cost=0.00..50278.00 rows=1500000 width=145) (actual time=0.019..1991.965 rows=1500000 loops=1)
                                       Buffers: shared hit=35278
                     ->  Hash  (cost=1.25..1.25 rows=25 width=30) (actual time=0.030..0.030 rows=25 loops=1)
                           Buckets: 1024  Batches: 1  Memory Usage: 2kB
                           Buffers: shared hit=1
                           ->  Seq Scan on nation  (cost=0.00..1.25 rows=25 width=30) (actual time=0.008..0.013 rows=25 loops=1)
                                 Buffers: shared hit=1
 Total runtime: 97672.145 ms
(40 rows)

COMMIT;
COMMIT
