BEGIN;
BEGIN
EXPLAIN (ANALYZE, BUFFERS)
select
	s_name,
	s_address
from
	supplier,
	nation
where
	s_suppkey in (
		select
			distinct (ps_suppkey)
		from
			partsupp,
			part
		where
			ps_partkey=p_partkey
			and p_name like 'lawn%'
			and ps_availqty > (
				select
					0.5 * sum(l_quantity)
				from
					lineitem
				where
					l_partkey = ps_partkey
					and l_suppkey = ps_suppkey
					and l_shipdate >= '1994-01-01'
					and l_shipdate < cast(date '1994-01-01' + interval '1 year' as date)
			)
	)
	and s_nationkey = n_nationkey
	and n_name = 'IRAN'
order by
	s_name;
                                                                                                  QUERY PLAN                                                                                                   
---------------------------------------------------------------------------------------------------------------------------------------------------------------------------------------------------------------
 Sort  (cost=12740755.70..12740758.64 rows=1175 width=51) (actual time=79677.304..79677.427 rows=1815 loops=1)
   Sort Key: supplier.s_name
   Sort Method: quicksort  Memory: 260kB
   Buffers: shared hit=2710842 read=375834 dirtied=5829 written=2939
   ->  Nested Loop  (cost=12736286.07..12740695.78 rows=1175 width=51) (actual time=79310.475..79662.587 rows=1815 loops=1)
         Join Filter: (supplier.s_nationkey = nation.n_nationkey)
         Rows Removed by Join Filter: 42646
         Buffers: shared hit=2710837 read=375834 dirtied=5829 written=2939
         ->  Seq Scan on nation  (cost=0.00..1.31 rows=1 width=4) (actual time=0.014..0.027 rows=1 loops=1)
               Filter: (n_name = 'IRAN'::bpchar)
               Rows Removed by Filter: 24
               Buffers: shared hit=1
         ->  Hash Semi Join  (cost=12736286.07..12740327.43 rows=29363 width=55) (actual time=79310.436..79654.166 rows=44461 loops=1)
               Hash Cond: (supplier.s_suppkey = partsupp.ps_suppkey)
               Buffers: shared hit=2710836 read=375834 dirtied=5829 written=2939
               ->  Seq Scan on supplier  (cost=0.00..3179.00 rows=100000 width=59) (actual time=0.021..98.940 rows=100000 loops=1)
                     Buffers: shared hit=2179
               ->  Hash  (cost=12735919.03..12735919.03 rows=29363 width=4) (actual time=79310.369..79310.369 rows=44461 loops=1)
                     Buckets: 4096  Batches: 1  Memory Usage: 1564kB
                     Buffers: shared hit=2708657 read=375834 dirtied=5829 written=2939
                     ->  HashAggregate  (cost=12735331.77..12735625.40 rows=29363 width=4) (actual time=79263.139..79294.796 rows=44461 loops=1)
                           Buffers: shared hit=2708657 read=375834 dirtied=5829 written=2939
                           ->  Nested Loop  (cost=0.00..12735258.36 rows=29363 width=4) (actual time=5.346..79034.208 rows=58614 loops=1)
                                 Buffers: shared hit=2708657 read=375834 dirtied=5829 written=2939
                                 ->  Seq Scan on part  (cost=0.00..65522.00 rows=22022 width=4) (actual time=0.011..4176.526 rows=21493 loops=1)
                                       Filter: ((p_name)::text ~~ 'lawn%'::text)
                                       Rows Removed by Filter: 1978507
                                       Buffers: shared hit=1 read=40521 written=302
                                 ->  Index Scan using pk_partsupp on partsupp  (cost=0.00..575.31 rows=1 width=8) (actual time=2.260..3.476 rows=3 loops=21493)
                                       Index Cond: (ps_partkey = part.p_partkey)
                                       Filter: ((ps_availqty)::double precision > (SubPlan 1))
                                       Rows Removed by Filter: 1
                                       Buffers: shared hit=2708656 read=335313 dirtied=5829 written=2637
                                       SubPlan 1
                                         ->  Aggregate  (cost=140.92..140.94 rows=1 width=4) (actual time=0.821..0.821 rows=1 loops=85972)
                                               Buffers: shared hit=2648220 read=307039 dirtied=5829 written=2347
                                               ->  Index Scan using lineitem_l_partkey_l_quantity_l_shipmode_idx on lineitem  (cost=0.00..140.92 rows=1 width=4) (actual time=0.519..0.817 rows=1 loops=85972)
                                                     Index Cond: (l_partkey = partsupp.ps_partkey)
                                                     Filter: ((l_shipdate >= '1994-01-01'::date) AND (l_shipdate < '1995-01-01'::date) AND (l_suppkey = partsupp.ps_suppkey))
                                                     Rows Removed by Filter: 29
                                                     Buffers: shared hit=2648220 read=307039 dirtied=5829 written=2347
 Total runtime: 79679.686 ms
(42 rows)

COMMIT;
COMMIT
