BEGIN;
BEGIN
EXPLAIN (ANALYZE, BUFFERS)
select
	s_name,
	s_address
from
	supplier,
	nation
where
	s_suppkey in (
		select
			distinct (ps_suppkey)
		from
			partsupp,
			part
		where
			ps_partkey=p_partkey
			and p_name like 'cornsilk%'
			and ps_availqty > (
				select
					0.5 * sum(l_quantity)
				from
					lineitem
				where
					l_partkey = ps_partkey
					and l_suppkey = ps_suppkey
					and l_shipdate >= '1994-01-01'
					and l_shipdate < cast(date '1994-01-01' + interval '1 year' as date)
			)
	)
	and s_nationkey = n_nationkey
	and n_name = 'MOZAMBIQUE'
order by
	s_name;
                                                                                                  QUERY PLAN                                                                                                   
---------------------------------------------------------------------------------------------------------------------------------------------------------------------------------------------------------------
 Sort  (cost=12740755.70..12740758.64 rows=1175 width=51) (actual time=72693.836..72693.941 rows=1825 loops=1)
   Sort Key: supplier.s_name
   Sort Method: quicksort  Memory: 262kB
   Buffers: shared hit=2694910 read=412496 dirtied=1865 written=13356
   ->  Nested Loop  (cost=12736286.07..12740695.78 rows=1175 width=51) (actual time=72361.928..72685.006 rows=1825 loops=1)
         Join Filter: (supplier.s_nationkey = nation.n_nationkey)
         Rows Removed by Join Filter: 42802
         Buffers: shared hit=2694905 read=412496 dirtied=1865 written=13356
         ->  Seq Scan on nation  (cost=0.00..1.31 rows=1 width=4) (actual time=0.018..0.028 rows=1 loops=1)
               Filter: (n_name = 'MOZAMBIQUE'::bpchar)
               Rows Removed by Filter: 24
               Buffers: shared hit=1
         ->  Hash Semi Join  (cost=12736286.07..12740327.43 rows=29363 width=55) (actual time=72361.888..72677.100 rows=44627 loops=1)
               Hash Cond: (supplier.s_suppkey = partsupp.ps_suppkey)
               Buffers: shared hit=2694904 read=412496 dirtied=1865 written=13356
               ->  Seq Scan on supplier  (cost=0.00..3179.00 rows=100000 width=59) (actual time=0.032..115.472 rows=100000 loops=1)
                     Buffers: shared hit=2179
               ->  Hash  (cost=12735919.03..12735919.03 rows=29363 width=4) (actual time=72361.787..72361.787 rows=44627 loops=1)
                     Buckets: 4096  Batches: 1  Memory Usage: 1569kB
                     Buffers: shared hit=2692725 read=412496 dirtied=1865 written=13356
                     ->  HashAggregate  (cost=12735331.77..12735625.40 rows=29363 width=4) (actual time=72334.438..72350.896 rows=44627 loops=1)
                           Buffers: shared hit=2692725 read=412496 dirtied=1865 written=13356
                           ->  Nested Loop  (cost=0.00..12735258.36 rows=29363 width=4) (actual time=3.004..72134.048 rows=58855 loops=1)
                                 Buffers: shared hit=2692725 read=412496 dirtied=1865 written=13356
                                 ->  Seq Scan on part  (cost=0.00..65522.00 rows=22022 width=4) (actual time=0.129..2625.959 rows=21686 loops=1)
                                       Filter: ((p_name)::text ~~ 'cornsilk%'::text)
                                       Rows Removed by Filter: 1978314
                                       Buffers: shared hit=19130 read=21392 written=290
                                 ->  Index Scan using pk_partsupp on partsupp  (cost=0.00..575.31 rows=1 width=8) (actual time=2.068..3.199 rows=3 loops=21686)
                                       Index Cond: (ps_partkey = part.p_partkey)
                                       Filter: ((ps_availqty)::double precision > (SubPlan 1))
                                       Rows Removed by Filter: 1
                                       Buffers: shared hit=2673595 read=391104 dirtied=1865 written=13066
                                       SubPlan 1
                                         ->  Aggregate  (cost=140.92..140.94 rows=1 width=4) (actual time=0.765..0.766 rows=1 loops=86744)
                                               Buffers: shared hit=2598419 read=376663 dirtied=1865 written=12658
                                               ->  Index Scan using lineitem_l_partkey_l_quantity_l_shipmode_idx on lineitem  (cost=0.00..140.92 rows=1 width=4) (actual time=0.485..0.761 rows=1 loops=86744)
                                                     Index Cond: (l_partkey = partsupp.ps_partkey)
                                                     Filter: ((l_shipdate >= '1994-01-01'::date) AND (l_shipdate < '1995-01-01'::date) AND (l_suppkey = partsupp.ps_suppkey))
                                                     Rows Removed by Filter: 29
                                                     Buffers: shared hit=2598419 read=376663 dirtied=1865 written=12658
 Total runtime: 72696.516 ms
(42 rows)

COMMIT;
COMMIT
