BEGIN;
BEGIN
EXPLAIN (ANALYZE, BUFFERS)
select
	s_name,
	s_address
from
	supplier,
	nation
where
	s_suppkey in (
		select
			distinct (ps_suppkey)
		from
			partsupp,
			part
		where
			ps_partkey=p_partkey
			and p_name like 'firebrick%'
			and ps_availqty > (
				select
					0.5 * sum(l_quantity)
				from
					lineitem
				where
					l_partkey = ps_partkey
					and l_suppkey = ps_suppkey
					and l_shipdate >= '1996-01-01'
					and l_shipdate < cast(date '1996-01-01' + interval '1 year' as date)
			)
	)
	and s_nationkey = n_nationkey
	and n_name = 'KENYA'
order by
	s_name;
                                                                                                  QUERY PLAN                                                                                                   
---------------------------------------------------------------------------------------------------------------------------------------------------------------------------------------------------------------
 Sort  (cost=12740755.70..12740758.64 rows=1175 width=51) (actual time=75368.003..75368.178 rows=1867 loops=1)
   Sort Key: supplier.s_name
   Sort Method: quicksort  Memory: 267kB
   Buffers: shared hit=2675654 read=439576 dirtied=5256 written=6184
   ->  Nested Loop  (cost=12736286.07..12740695.78 rows=1175 width=51) (actual time=75052.296..75355.952 rows=1867 loops=1)
         Join Filter: (supplier.s_nationkey = nation.n_nationkey)
         Rows Removed by Join Filter: 42816
         Buffers: shared hit=2675649 read=439576 dirtied=5256 written=6184
         ->  Seq Scan on nation  (cost=0.00..1.31 rows=1 width=4) (actual time=0.020..0.035 rows=1 loops=1)
               Filter: (n_name = 'KENYA'::bpchar)
               Rows Removed by Filter: 24
               Buffers: shared hit=1
         ->  Hash Semi Join  (cost=12736286.07..12740327.43 rows=29363 width=55) (actual time=75052.178..75348.317 rows=44683 loops=1)
               Hash Cond: (supplier.s_suppkey = partsupp.ps_suppkey)
               Buffers: shared hit=2675648 read=439576 dirtied=5256 written=6184
               ->  Seq Scan on supplier  (cost=0.00..3179.00 rows=100000 width=59) (actual time=0.051..107.201 rows=100000 loops=1)
                     Buffers: shared hit=2179
               ->  Hash  (cost=12735919.03..12735919.03 rows=29363 width=4) (actual time=75052.057..75052.057 rows=44683 loops=1)
                     Buckets: 4096  Batches: 1  Memory Usage: 1571kB
                     Buffers: shared hit=2673469 read=439576 dirtied=5256 written=6184
                     ->  HashAggregate  (cost=12735331.77..12735625.40 rows=29363 width=4) (actual time=75008.088..75037.751 rows=44683 loops=1)
                           Buffers: shared hit=2673469 read=439576 dirtied=5256 written=6184
                           ->  Nested Loop  (cost=0.00..12735258.36 rows=29363 width=4) (actual time=1.473..74804.657 rows=59013 loops=1)
                                 Buffers: shared hit=2673469 read=439576 dirtied=5256 written=6184
                                 ->  Seq Scan on part  (cost=0.00..65522.00 rows=22022 width=4) (actual time=0.127..3150.548 rows=21696 loops=1)
                                       Filter: ((p_name)::text ~~ 'firebrick%'::text)
                                       Rows Removed by Filter: 1978304
                                       Buffers: shared hit=6553 read=33969 written=562
                                 ->  Index Scan using pk_partsupp on partsupp  (cost=0.00..575.31 rows=1 width=8) (actual time=2.140..3.297 rows=3 loops=21696)
                                       Index Cond: (ps_partkey = part.p_partkey)
                                       Filter: ((ps_availqty)::double precision > (SubPlan 1))
                                       Rows Removed by Filter: 1
                                       Buffers: shared hit=2666916 read=405607 dirtied=5256 written=5622
                                       SubPlan 1
                                         ->  Aggregate  (cost=140.92..140.94 rows=1 width=4) (actual time=0.786..0.786 rows=1 loops=86784)
                                               Buffers: shared hit=2598477 read=384350 dirtied=5256 written=5177
                                               ->  Index Scan using lineitem_l_partkey_l_quantity_l_shipmode_idx on lineitem  (cost=0.00..140.92 rows=1 width=4) (actual time=0.501..0.782 rows=1 loops=86784)
                                                     Index Cond: (l_partkey = partsupp.ps_partkey)
                                                     Filter: ((l_shipdate >= '1996-01-01'::date) AND (l_shipdate < '1997-01-01'::date) AND (l_suppkey = partsupp.ps_suppkey))
                                                     Rows Removed by Filter: 29
                                                     Buffers: shared hit=2598477 read=384350 dirtied=5256 written=5177
 Total runtime: 75370.694 ms
(42 rows)

COMMIT;
COMMIT
