BEGIN;
BEGIN
EXPLAIN (ANALYZE, BUFFERS)
select
	sum(l_extendedprice* (1 - l_discount)) as revenue
from
	lineitem,
	part
where
	(
		p_partkey = l_partkey
		and p_brand = 'Brand#43'
		and p_container in ('SM CASE', 'SM BOX', 'SM PACK', 'SM PKG')
		and l_quantity >= 9 and l_quantity <= 9+10
		and p_size between 1 and 5
		and l_shipmode in ('AIR', 'AIR REG')
		and l_shipinstruct = 'DELIVER IN PERSON'
	)
	or
	(
		p_partkey = l_partkey
		and p_brand = 'Brand#13'
		and p_container in ('MED BAG', 'MED BOX', 'MED PKG', 'MED PACK')
		and l_quantity >= 13 and l_quantity <= 13+10
		and p_size between 1 and 10
		and l_shipmode in ('AIR', 'AIR REG')
		and l_shipinstruct = 'DELIVER IN PERSON'
	)
	or
	(
		p_partkey = l_partkey
		and p_brand = 'Brand#42'
		and p_container in ('LG CASE', 'LG BOX', 'LG PACK', 'LG PKG')
		and l_quantity >= 20 and l_quantity <= 20+10
		and p_size between 1 and 15
		and l_shipmode in ('AIR', 'AIR REG')
		and l_shipinstruct = 'DELIVER IN PERSON'
	);
                                                                                                                                                                                                                                                                                                                                                                                                                                                                                                                                                                                                       QUERY PLAN                                                                                                                                                                                                                                                                                                                                                                                                                                                                                                                                                                                                       
------------------------------------------------------------------------------------------------------------------------------------------------------------------------------------------------------------------------------------------------------------------------------------------------------------------------------------------------------------------------------------------------------------------------------------------------------------------------------------------------------------------------------------------------------------------------------------------------------------------------------------------------------------------------------------------------------------------------------------------------------------------------------------------------------------------------------------------------------------------------------------------------------------------------------------------------------------------------------------------------------------------------------------------------------------------------------------------------------------------------------------------------------------------------------------------------------------------------
 Aggregate  (cost=420050.84..420050.85 rows=1 width=8) (actual time=5885.054..5885.054 rows=1 loops=1)
   Buffers: shared hit=109646 read=34938 dirtied=12 written=379
   ->  Nested Loop  (cost=13511.21..420043.16 rows=1024 width=8) (actual time=455.470..5881.354 rows=1136 loops=1)
         Buffers: shared hit=109646 read=34938 dirtied=12 written=379
         ->  Bitmap Heap Scan on part  (cost=13511.21..37669.32 rows=10396 width=30) (actual time=450.912..934.953 rows=10594 loops=1)
               Recheck Cond: (((p_container = ANY ('{"SM CASE","SM BOX","SM PACK","SM PKG"}'::bpchar[])) AND (p_brand = 'Brand#43'::bpchar) AND (p_size <= 5) AND (p_size >= 1)) OR ((p_container = ANY ('{"MED BAG","MED BOX","MED PKG","MED PACK"}'::bpchar[])) AND (p_brand = 'Brand#13'::bpchar) AND (p_size <= 10) AND (p_size >= 1)) OR ((p_container = ANY ('{"LG CASE","LG BOX","LG PACK","LG PKG"}'::bpchar[])) AND (p_brand = 'Brand#42'::bpchar)))
               Filter: (p_size >= 1)
               Buffers: shared hit=9625 read=1483 written=58
               ->  BitmapOr  (cost=13511.21..13511.21 rows=10406 width=0) (actual time=444.240..444.240 rows=0 loops=1)
                     Buffers: shared hit=559 read=1265 written=58
                     ->  BitmapAnd  (cost=4508.58..4508.58 rows=813 width=0) (actual time=149.603..149.603 rows=0 loops=1)
                           Buffers: shared hit=3 read=607 written=30
                           ->  Bitmap Index Scan on part_p_container_p_brand_p_partkey_idx  (cost=0.00..290.53 rows=8102 width=0) (actual time=8.569..8.569 rows=7909 loops=1)
                                 Index Cond: ((p_container = ANY ('{"SM CASE","SM BOX","SM PACK","SM PKG"}'::bpchar[])) AND (p_brand = 'Brand#43'::bpchar))
                                 Buffers: shared hit=3 read=58 written=2
                           ->  Bitmap Index Scan on part_p_size_idx  (cost=0.00..4212.60 rows=200813 width=0) (actual time=136.896..136.896 rows=199678 loops=1)
                                 Index Cond: ((p_size <= 5) AND (p_size >= 1))
                                 Buffers: shared read=549 written=28
                     ->  BitmapAnd  (cost=8710.54..8710.54 rows=1616 width=0) (actual time=280.689..280.689 rows=0 loops=1)
                           Buffers: shared hit=552 read=602 written=27
                           ->  Bitmap Index Scan on part_p_container_p_brand_p_partkey_idx  (cost=0.00..290.09 rows=8060 width=0) (actual time=23.778..23.778 rows=8004 loops=1)
                                 Index Cond: ((p_container = ANY ('{"MED BAG","MED BOX","MED PKG","MED PACK"}'::bpchar[])) AND (p_brand = 'Brand#13'::bpchar))
                                 Buffers: shared hit=4 read=56 written=1
                           ->  Bitmap Index Scan on part_p_size_idx  (cost=0.00..8415.00 rows=401053 width=0) (actual time=251.902..251.902 rows=399409 loops=1)
                                 Index Cond: ((p_size <= 10) AND (p_size >= 1))
                                 Buffers: shared hit=548 read=546 written=26
                     ->  Bitmap Index Scan on part_p_container_p_brand_p_partkey_idx  (cost=0.00..289.25 rows=7977 width=0) (actual time=13.282..13.282 rows=8154 loops=1)
                           Index Cond: ((p_container = ANY ('{"LG CASE","LG BOX","LG PACK","LG PKG"}'::bpchar[])) AND (p_brand = 'Brand#42'::bpchar))
                           Buffers: shared hit=4 read=56 written=1
         ->  Index Scan using lineitem_l_partkey_l_quantity_l_shipmode_idx on lineitem  (cost=0.00..36.77 rows=1 width=16) (actual time=0.436..0.458 rows=0 loops=10594)
               Index Cond: ((l_partkey = part.p_partkey) AND (l_shipmode = ANY ('{AIR,"AIR REG"}'::bpchar[])))
               Filter: ((l_shipinstruct = 'DELIVER IN PERSON'::bpchar) AND (((l_quantity >= 9::double precision) AND (l_quantity <= 19::double precision) AND (l_shipmode = ANY ('{AIR,"AIR REG"}'::bpchar[]))) OR ((l_quantity >= 13::double precision) AND (l_quantity <= 23::double precision) AND (l_shipmode = ANY ('{AIR,"AIR REG"}'::bpchar[]))) OR ((l_quantity >= 20::double precision) AND (l_quantity <= 30::double precision) AND (l_shipmode = ANY ('{AIR,"AIR REG"}'::bpchar[])))) AND (((part.p_brand = 'Brand#43'::bpchar) AND (part.p_container = ANY ('{"SM CASE","SM BOX","SM PACK","SM PKG"}'::bpchar[])) AND (l_quantity >= 9::double precision) AND (l_quantity <= 19::double precision) AND (part.p_size <= 5)) OR ((part.p_brand = 'Brand#13'::bpchar) AND (part.p_container = ANY ('{"MED BAG","MED BOX","MED PKG","MED PACK"}'::bpchar[])) AND (l_quantity >= 13::double precision) AND (l_quantity <= 23::double precision) AND (part.p_size <= 10)) OR ((part.p_brand = 'Brand#42'::bpchar) AND (part.p_container = ANY ('{"LG CASE","LG BOX","LG PACK","LG PKG"}'::bpchar[])) AND (l_quantity >= 20::double precision) AND (l_quantity <= 30::double precision) AND (part.p_size <= 15))))
               Rows Removed by Filter: 4
               Buffers: shared hit=100021 read=33455 dirtied=12 written=321
 Total runtime: 5885.579 ms
(35 rows)

COMMIT;
COMMIT
