BEGIN;
BEGIN
EXPLAIN (ANALYZE, BUFFERS)
select
	s_name,
	s_address
from
	supplier,
	nation
where
	s_suppkey in (
		select
			distinct (ps_suppkey)
		from
			partsupp,
			part
		where
			ps_partkey=p_partkey
			and p_name like 'smoke%'
			and ps_availqty > (
				select
					0.5 * sum(l_quantity)
				from
					lineitem
				where
					l_partkey = ps_partkey
					and l_suppkey = ps_suppkey
					and l_shipdate >= '1993-01-01'
					and l_shipdate < cast(date '1993-01-01' + interval '1 year' as date)
			)
	)
	and s_nationkey = n_nationkey
	and n_name = 'ALGERIA'
order by
	s_name;
                                                                                                  QUERY PLAN                                                                                                   
---------------------------------------------------------------------------------------------------------------------------------------------------------------------------------------------------------------
 Sort  (cost=12740755.70..12740758.64 rows=1175 width=51) (actual time=73644.298..73644.413 rows=1779 loops=1)
   Sort Key: supplier.s_name
   Sort Method: quicksort  Memory: 255kB
   Buffers: shared hit=2744410 read=363080 dirtied=4405 written=4792
   ->  Nested Loop  (cost=12736286.07..12740695.78 rows=1175 width=51) (actual time=73350.179..73628.462 rows=1779 loops=1)
         Join Filter: (supplier.s_nationkey = nation.n_nationkey)
         Rows Removed by Join Filter: 42823
         Buffers: shared hit=2744405 read=363080 dirtied=4405 written=4792
         ->  Seq Scan on nation  (cost=0.00..1.31 rows=1 width=4) (actual time=0.011..0.028 rows=1 loops=1)
               Filter: (n_name = 'ALGERIA'::bpchar)
               Rows Removed by Filter: 24
               Buffers: shared hit=1
         ->  Hash Semi Join  (cost=12736286.07..12740327.43 rows=29363 width=55) (actual time=73350.119..73621.367 rows=44602 loops=1)
               Hash Cond: (supplier.s_suppkey = partsupp.ps_suppkey)
               Buffers: shared hit=2744404 read=363080 dirtied=4405 written=4792
               ->  Seq Scan on supplier  (cost=0.00..3179.00 rows=100000 width=59) (actual time=0.023..81.470 rows=100000 loops=1)
                     Buffers: shared hit=2179
               ->  Hash  (cost=12735919.03..12735919.03 rows=29363 width=4) (actual time=73350.044..73350.044 rows=44602 loops=1)
                     Buckets: 4096  Batches: 1  Memory Usage: 1569kB
                     Buffers: shared hit=2742225 read=363080 dirtied=4405 written=4792
                     ->  HashAggregate  (cost=12735331.77..12735625.40 rows=29363 width=4) (actual time=73309.575..73335.730 rows=44602 loops=1)
                           Buffers: shared hit=2742225 read=363080 dirtied=4405 written=4792
                           ->  Nested Loop  (cost=0.00..12735258.36 rows=29363 width=4) (actual time=2.385..73105.047 rows=58934 loops=1)
                                 Buffers: shared hit=2742225 read=363080 dirtied=4405 written=4792
                                 ->  Seq Scan on part  (cost=0.00..65522.00 rows=22022 width=4) (actual time=1.080..3311.768 rows=21658 loops=1)
                                       Filter: ((p_name)::text ~~ 'smoke%'::text)
                                       Rows Removed by Filter: 1978342
                                       Buffers: shared hit=10010 read=30512 written=300
                                 ->  Index Scan using pk_partsupp on partsupp  (cost=0.00..575.31 rows=1 width=8) (actual time=2.045..3.217 rows=3 loops=21658)
                                       Index Cond: (ps_partkey = part.p_partkey)
                                       Filter: ((ps_availqty)::double precision > (SubPlan 1))
                                       Rows Removed by Filter: 1
                                       Buffers: shared hit=2732215 read=332568 dirtied=4405 written=4492
                                       SubPlan 1
                                         ->  Aggregate  (cost=140.92..140.94 rows=1 width=4) (actual time=0.767..0.767 rows=1 loops=86632)
                                               Buffers: shared hit=2662398 read=312958 dirtied=4405 written=4227
                                               ->  Index Scan using lineitem_l_partkey_l_quantity_l_shipmode_idx on lineitem  (cost=0.00..140.92 rows=1 width=4) (actual time=0.486..0.762 rows=1 loops=86632)
                                                     Index Cond: (l_partkey = partsupp.ps_partkey)
                                                     Filter: ((l_shipdate >= '1993-01-01'::date) AND (l_shipdate < '1994-01-01'::date) AND (l_suppkey = partsupp.ps_suppkey))
                                                     Rows Removed by Filter: 29
                                                     Buffers: shared hit=2662398 read=312958 dirtied=4405 written=4227
 Total runtime: 73646.471 ms
(42 rows)

COMMIT;
COMMIT
