BEGIN;
BEGIN
EXPLAIN (ANALYZE, BUFFERS)
select
	supp_nation,
	cust_nation,
	l_year,
	sum(volume) as revenue
from
	(
		select
			n1.n_name as supp_nation,
			n2.n_name as cust_nation,
			extract(year from l_shipdate) as l_year,
			l_extendedprice * (1 - l_discount) as volume
		from
			supplier,
			lineitem,
			orders,
			customer,
			nation n1,
			nation n2
		where
			s_suppkey = l_suppkey
			and o_orderkey = l_orderkey
			and c_custkey = o_custkey
			and s_nationkey = n1.n_nationkey
			and c_nationkey = n2.n_nationkey
			and (
				(n1.n_name = 'MOROCCO' and n2.n_name = 'PERU')
				or (n1.n_name = 'PERU' and n2.n_name = 'MOROCCO')
			)
			and l_shipdate between date '1995-01-01' and date '1996-12-31'
	) as shipping
group by
	supp_nation,
	cust_nation,
	l_year
order by
	supp_nation,
	cust_nation,
	l_year;
                                                                                                QUERY PLAN                                                                                                 
-----------------------------------------------------------------------------------------------------------------------------------------------------------------------------------------------------------
 GroupAggregate  (cost=2355764.98..2357656.48 rows=58200 width=64) (actual time=152846.776..152873.235 rows=4 loops=1)
   Buffers: shared hit=1060875 read=371248 written=7806
   ->  Sort  (cost=2355764.98..2355910.48 rows=58200 width=64) (actual time=152837.632..152842.219 rows=57868 loops=1)
         Sort Key: n1.n_name, n2.n_name, (date_part('year'::text, (lineitem.l_shipdate)::timestamp without time zone))
         Sort Method: quicksort  Memory: 9674kB
         Buffers: shared hit=1060875 read=371248 written=7806
         ->  Hash Join  (cost=894539.24..2351158.82 rows=58200 width=64) (actual time=61799.623..152499.028 rows=57868 loops=1)
               Hash Cond: ((lineitem.l_suppkey = supplier.s_suppkey) AND (n1.n_nationkey = supplier.s_nationkey))
               Buffers: shared hit=1060867 read=371248 written=7806
               ->  Hash Join  (cost=889860.24..2316501.68 rows=1455257 width=72) (actual time=61639.872..148231.717 rows=1449835 loops=1)
                     Hash Cond: (lineitem.l_orderkey = orders.o_orderkey)
                     Buffers: shared hit=1058685 read=371248 written=7806
                     ->  Bitmap Heap Scan on lineitem  (cost=385294.88..1729113.97 rows=18205273 width=20) (actual time=15727.660..77076.141 rows=18247443 loops=1)
                           Recheck Cond: ((l_shipdate >= '1995-01-01'::date) AND (l_shipdate <= '1996-12-31'::date))
                           Buffers: shared hit=746547 read=370413 written=7806
                           ->  Bitmap Index Scan on lineitem_l_shipdate_l_suppkey__idx  (cost=0.00..380743.56 rows=18205273 width=0) (actual time=15051.518..15051.518 rows=18320255 loops=1)
                                 Index Cond: ((l_shipdate >= '1995-01-01'::date) AND (l_shipdate <= '1996-12-31'::date))
                                 Buffers: shared hit=49814 read=1
                     ->  Hash  (cost=489502.50..489502.50 rows=1205029 width=60) (actual time=45911.495..45911.495 rows=1192321 loops=1)
                           Buckets: 131072  Batches: 1  Memory Usage: 107123kB
                           Buffers: shared hit=312138 read=835
                           ->  Hash Join  (cost=15638.06..489502.50 rows=1205029 width=60) (actual time=1693.566..44865.488 rows=1192321 loops=1)
                                 Hash Cond: (orders.o_custkey = customer.c_custkey)
                                 Buffers: shared hit=312138 read=835
                                 ->  Seq Scan on orders  (cost=0.00..405283.20 rows=15074920 width=8) (actual time=0.018..10796.194 rows=15015000 loops=1)
                                       Buffers: shared hit=254534
                                 ->  Hash  (cost=14139.26..14139.26 rows=119904 width=60) (actual time=1693.426..1693.426 rows=119622 loops=1)
                                       Buckets: 16384  Batches: 1  Memory Usage: 10748kB
                                       Buffers: shared hit=57604 read=835
                                       ->  Nested Loop  (cost=905.09..14139.26 rows=119904 width=60) (actual time=36.546..1557.262 rows=119622 loops=1)
                                             Buffers: shared hit=57604 read=835
                                             ->  Nested Loop  (cost=0.00..28.00 rows=2 width=60) (actual time=0.209..0.350 rows=2 loops=1)
                                                   Join Filter: (((n1.n_name = 'MOROCCO'::bpchar) AND (n2.n_name = 'PERU'::bpchar)) OR ((n1.n_name = 'PERU'::bpchar) AND (n2.n_name = 'MOROCCO'::bpchar)))
                                                   Rows Removed by Join Filter: 623
                                                   Buffers: shared hit=3
                                                   ->  Index Scan using pk_nation on nation n1  (cost=0.00..12.63 rows=25 width=30) (actual time=0.013..0.027 rows=25 loops=1)
                                                         Buffers: shared hit=2
                                                   ->  Materialize  (cost=0.00..1.38 rows=25 width=30) (actual time=0.001..0.004 rows=25 loops=25)
                                                         Buffers: shared hit=1
                                                         ->  Seq Scan on nation n2  (cost=0.00..1.25 rows=25 width=30) (actual time=0.004..0.007 rows=25 loops=1)
                                                               Buffers: shared hit=1
                                             ->  Bitmap Heap Scan on customer  (cost=905.09..6455.63 rows=60000 width=8) (actual time=39.065..756.808 rows=59811 loops=2)
                                                   Recheck Cond: (c_nationkey = n2.n_nationkey)
                                                   Buffers: shared hit=57601 read=835
                                                   ->  Bitmap Index Scan on customer_c_nationkey_c_custkey_idx  (cost=0.00..890.09 rows=60000 width=0) (actual time=30.942..30.942 rows=59811 loops=2)
                                                         Index Cond: (c_nationkey = n2.n_nationkey)
                                                         Buffers: shared hit=3 read=331
               ->  Hash  (cost=3179.00..3179.00 rows=100000 width=8) (actual time=158.454..158.454 rows=100000 loops=1)
                     Buckets: 16384  Batches: 1  Memory Usage: 3907kB
                     Buffers: shared hit=2179
                     ->  Seq Scan on supplier  (cost=0.00..3179.00 rows=100000 width=8) (actual time=0.011..108.539 rows=100000 loops=1)
                           Buffers: shared hit=2179
 Total runtime: 152907.308 ms
(53 rows)

COMMIT;
COMMIT
