BEGIN;
BEGIN
EXPLAIN (ANALYZE, BUFFERS)
select
	s_name,
	s_address
from
	supplier,
	nation
where
	s_suppkey in (
		select
			distinct (ps_suppkey)
		from
			partsupp,
			part
		where
			ps_partkey=p_partkey
			and p_name like 'burlywood%'
			and ps_availqty > (
				select
					0.5 * sum(l_quantity)
				from
					lineitem
				where
					l_partkey = ps_partkey
					and l_suppkey = ps_suppkey
					and l_shipdate >= '1993-01-01'
					and l_shipdate < cast(date '1993-01-01' + interval '1 year' as date)
			)
	)
	and s_nationkey = n_nationkey
	and n_name = 'ROMANIA'
order by
	s_name;
                                                                                                  QUERY PLAN                                                                                                   
---------------------------------------------------------------------------------------------------------------------------------------------------------------------------------------------------------------
 Sort  (cost=12740755.70..12740758.64 rows=1175 width=51) (actual time=58377.222..58377.335 rows=1777 loops=1)
   Sort Key: supplier.s_name
   Sort Method: quicksort  Memory: 256kB
   Buffers: shared hit=2678068 read=442865 dirtied=3706 written=18965
   ->  Nested Loop  (cost=12736286.07..12740695.78 rows=1175 width=51) (actual time=58023.794..58362.726 rows=1777 loops=1)
         Join Filter: (supplier.s_nationkey = nation.n_nationkey)
         Rows Removed by Join Filter: 42969
         Buffers: shared hit=2678063 read=442865 dirtied=3706 written=18965
         ->  Seq Scan on nation  (cost=0.00..1.31 rows=1 width=4) (actual time=0.018..0.025 rows=1 loops=1)
               Filter: (n_name = 'ROMANIA'::bpchar)
               Rows Removed by Filter: 24
               Buffers: shared hit=1
         ->  Hash Semi Join  (cost=12736286.07..12740327.43 rows=29363 width=55) (actual time=58023.676..58355.106 rows=44746 loops=1)
               Hash Cond: (supplier.s_suppkey = partsupp.ps_suppkey)
               Buffers: shared hit=2678062 read=442865 dirtied=3706 written=18965
               ->  Seq Scan on supplier  (cost=0.00..3179.00 rows=100000 width=59) (actual time=0.032..98.485 rows=100000 loops=1)
                     Buffers: shared hit=2179
               ->  Hash  (cost=12735919.03..12735919.03 rows=29363 width=4) (actual time=58023.586..58023.586 rows=44746 loops=1)
                     Buckets: 4096  Batches: 1  Memory Usage: 1574kB
                     Buffers: shared hit=2675883 read=442865 dirtied=3706 written=18965
                     ->  HashAggregate  (cost=12735331.77..12735625.40 rows=29363 width=4) (actual time=57990.671..58010.742 rows=44746 loops=1)
                           Buffers: shared hit=2675883 read=442865 dirtied=3706 written=18965
                           ->  Nested Loop  (cost=0.00..12735258.36 rows=29363 width=4) (actual time=2.468..57803.103 rows=59015 loops=1)
                                 Buffers: shared hit=2675883 read=442865 dirtied=3706 written=18965
                                 ->  Seq Scan on part  (cost=0.00..65522.00 rows=22022 width=4) (actual time=0.025..2302.840 rows=21743 loops=1)
                                       Filter: ((p_name)::text ~~ 'burlywood%'::text)
                                       Rows Removed by Filter: 1978257
                                       Buffers: shared hit=20306 read=20216 written=1115
                                 ->  Index Scan using pk_partsupp on partsupp  (cost=0.00..575.31 rows=1 width=8) (actual time=1.790..2.547 rows=3 loops=21743)
                                       Index Cond: (ps_partkey = part.p_partkey)
                                       Filter: ((ps_availqty)::double precision > (SubPlan 1))
                                       Rows Removed by Filter: 1
                                       Buffers: shared hit=2655577 read=422649 dirtied=3706 written=17850
                                       SubPlan 1
                                         ->  Aggregate  (cost=140.92..140.94 rows=1 width=4) (actual time=0.610..0.610 rows=1 loops=86972)
                                               Buffers: shared hit=2578830 read=409637 dirtied=3706 written=17388
                                               ->  Index Scan using lineitem_l_partkey_l_quantity_l_shipmode_idx on lineitem  (cost=0.00..140.92 rows=1 width=4) (actual time=0.385..0.606 rows=1 loops=86972)
                                                     Index Cond: (l_partkey = partsupp.ps_partkey)
                                                     Filter: ((l_shipdate >= '1993-01-01'::date) AND (l_shipdate < '1994-01-01'::date) AND (l_suppkey = partsupp.ps_suppkey))
                                                     Rows Removed by Filter: 29
                                                     Buffers: shared hit=2578830 read=409637 dirtied=3706 written=17388
 Total runtime: 58380.504 ms
(42 rows)

COMMIT;
COMMIT
