BEGIN;
BEGIN
EXPLAIN (ANALYZE, BUFFERS)
select
	s_name,
	s_address
from
	supplier,
	nation
where
	s_suppkey in (
		select
			distinct (ps_suppkey)
		from
			partsupp,
			part
		where
			ps_partkey=p_partkey
			and p_name like 'cream%'
			and ps_availqty > (
				select
					0.5 * sum(l_quantity)
				from
					lineitem
				where
					l_partkey = ps_partkey
					and l_suppkey = ps_suppkey
					and l_shipdate >= '1995-01-01'
					and l_shipdate < cast(date '1995-01-01' + interval '1 year' as date)
			)
	)
	and s_nationkey = n_nationkey
	and n_name = 'PERU'
order by
	s_name;
                                                                                                  QUERY PLAN                                                                                                   
---------------------------------------------------------------------------------------------------------------------------------------------------------------------------------------------------------------
 Sort  (cost=12740755.70..12740758.64 rows=1175 width=51) (actual time=68733.374..68733.542 rows=1744 loops=1)
   Sort Key: supplier.s_name
   Sort Method: quicksort  Memory: 251kB
   Buffers: shared hit=2666296 read=425420 dirtied=5204 written=2
   ->  Nested Loop  (cost=12736286.07..12740695.78 rows=1175 width=51) (actual time=68428.998..68699.711 rows=1744 loops=1)
         Join Filter: (supplier.s_nationkey = nation.n_nationkey)
         Rows Removed by Join Filter: 42689
         Buffers: shared hit=2666291 read=425420 dirtied=5204 written=2
         ->  Seq Scan on nation  (cost=0.00..1.31 rows=1 width=4) (actual time=0.041..0.051 rows=1 loops=1)
               Filter: (n_name = 'PERU'::bpchar)
               Rows Removed by Filter: 24
               Buffers: shared hit=1
         ->  Hash Semi Join  (cost=12736286.07..12740327.43 rows=29363 width=55) (actual time=68428.934..68691.366 rows=44433 loops=1)
               Hash Cond: (supplier.s_suppkey = partsupp.ps_suppkey)
               Buffers: shared hit=2666290 read=425420 dirtied=5204 written=2
               ->  Seq Scan on supplier  (cost=0.00..3179.00 rows=100000 width=59) (actual time=0.039..86.723 rows=100000 loops=1)
                     Buffers: shared hit=2179
               ->  Hash  (cost=12735919.03..12735919.03 rows=29363 width=4) (actual time=68428.811..68428.811 rows=44433 loops=1)
                     Buckets: 4096  Batches: 1  Memory Usage: 1563kB
                     Buffers: shared hit=2664111 read=425420 dirtied=5204 written=2
                     ->  HashAggregate  (cost=12735331.77..12735625.40 rows=29363 width=4) (actual time=68388.962..68415.372 rows=44433 loops=1)
                           Buffers: shared hit=2664111 read=425420 dirtied=5204 written=2
                           ->  Nested Loop  (cost=0.00..12735258.36 rows=29363 width=4) (actual time=2.688..68184.862 rows=58509 loops=1)
                                 Buffers: shared hit=2664111 read=425420 dirtied=5204 written=2
                                 ->  Seq Scan on part  (cost=0.00..65522.00 rows=22022 width=4) (actual time=0.036..3359.838 rows=21577 loops=1)
                                       Filter: ((p_name)::text ~~ 'cream%'::text)
                                       Rows Removed by Filter: 1978423
                                       Buffers: shared hit=2202 read=38320
                                 ->  Index Scan using pk_partsupp on partsupp  (cost=0.00..575.31 rows=1 width=8) (actual time=1.974..2.998 rows=3 loops=21577)
                                       Index Cond: (ps_partkey = part.p_partkey)
                                       Filter: ((ps_availqty)::double precision > (SubPlan 1))
                                       Rows Removed by Filter: 1
                                       Buffers: shared hit=2661909 read=387100 dirtied=5204 written=2
                                       SubPlan 1
                                         ->  Aggregate  (cost=140.92..140.94 rows=1 width=4) (actual time=0.714..0.715 rows=1 loops=86308)
                                               Buffers: shared hit=2594207 read=365656 dirtied=5204 written=2
                                               ->  Index Scan using lineitem_l_partkey_l_quantity_l_shipmode_idx on lineitem  (cost=0.00..140.92 rows=1 width=4) (actual time=0.452..0.710 rows=1 loops=86308)
                                                     Index Cond: (l_partkey = partsupp.ps_partkey)
                                                     Filter: ((l_shipdate >= '1995-01-01'::date) AND (l_shipdate < '1996-01-01'::date) AND (l_suppkey = partsupp.ps_suppkey))
                                                     Rows Removed by Filter: 29
                                                     Buffers: shared hit=2594207 read=365656 dirtied=5204 written=2
 Total runtime: 68736.711 ms
(42 rows)

COMMIT;
COMMIT
