BEGIN;
BEGIN
EXPLAIN (ANALYZE, BUFFERS)
select
	s_name,
	s_address
from
	supplier,
	nation
where
	s_suppkey in (
		select
			distinct (ps_suppkey)
		from
			partsupp,
			part
		where
			ps_partkey=p_partkey
			and p_name like 'plum%'
			and ps_availqty > (
				select
					0.5 * sum(l_quantity)
				from
					lineitem
				where
					l_partkey = ps_partkey
					and l_suppkey = ps_suppkey
					and l_shipdate >= '1995-01-01'
					and l_shipdate < cast(date '1995-01-01' + interval '1 year' as date)
			)
	)
	and s_nationkey = n_nationkey
	and n_name = 'EGYPT'
order by
	s_name;
                                                                                               QUERY PLAN                                                                                                
---------------------------------------------------------------------------------------------------------------------------------------------------------------------------------------------------------
 Sort  (cost=11590897.05..11590899.72 rows=1068 width=51) (actual time=82395.983..82396.083 rows=1753 loops=1)
   Sort Key: supplier.s_name
   Sort Method: quicksort  Memory: 253kB
   Buffers: shared hit=2661953 read=388548 dirtied=634
   ->  Hash Semi Join  (cost=11588498.42..11590843.32 rows=1068 width=51) (actual time=82305.388..82381.990 rows=1753 loops=1)
         Hash Cond: (supplier.s_suppkey = partsupp.ps_suppkey)
         Buffers: shared hit=2661948 read=388548 dirtied=634
         ->  Nested Loop  (cost=79.26..2391.58 rows=4000 width=55) (actual time=3.596..71.225 rows=3981 loops=1)
               Buffers: shared hit=1859 read=14
               ->  Seq Scan on nation  (cost=0.00..1.31 rows=1 width=4) (actual time=0.016..0.028 rows=1 loops=1)
                     Filter: (n_name = 'EGYPT'::bpchar)
                     Rows Removed by Filter: 24
                     Buffers: shared hit=1
               ->  Bitmap Heap Scan on supplier  (cost=79.26..2350.26 rows=4000 width=59) (actual time=3.571..69.434 rows=3981 loops=1)
                     Recheck Cond: (s_nationkey = nation.n_nationkey)
                     Buffers: shared hit=1858 read=14
                     ->  Bitmap Index Scan on supplier_s_nationkey_s_suppkey_idx  (cost=0.00..78.26 rows=4000 width=0) (actual time=3.172..3.172 rows=3981 loops=1)
                           Index Cond: (s_nationkey = nation.n_nationkey)
                           Buffers: shared read=14
         ->  Hash  (cost=11588085.49..11588085.49 rows=26693 width=4) (actual time=82301.705..82301.705 rows=44042 loops=1)
               Buckets: 4096  Batches: 1  Memory Usage: 1549kB
               Buffers: shared hit=2660089 read=388534 dirtied=634
               ->  HashAggregate  (cost=11587551.63..11587818.56 rows=26693 width=4) (actual time=82262.153..82289.612 rows=44042 loops=1)
                     Buffers: shared hit=2660089 read=388534 dirtied=634
                     ->  Nested Loop  (cost=0.00..11587484.90 rows=26693 width=4) (actual time=5.044..82040.257 rows=58100 loops=1)
                           Buffers: shared hit=2660089 read=388534 dirtied=634
                           ->  Seq Scan on part  (cost=0.00..65522.00 rows=20020 width=4) (actual time=1.106..3499.456 rows=21359 loops=1)
                                 Filter: ((p_name)::text ~~ 'plum%'::text)
                                 Rows Removed by Filter: 1978641
                                 Buffers: shared hit=10645 read=29877
                           ->  Index Scan using pk_partsupp on partsupp  (cost=0.00..575.51 rows=1 width=8) (actual time=2.348..3.670 rows=3 loops=21359)
                                 Index Cond: (ps_partkey = part.p_partkey)
                                 Filter: ((ps_availqty)::double precision > (SubPlan 1))
                                 Rows Removed by Filter: 1
                                 Buffers: shared hit=2649444 read=358657 dirtied=634
                                 SubPlan 1
                                   ->  Aggregate  (cost=140.92..140.94 rows=1 width=4) (actual time=0.869..0.869 rows=1 loops=85436)
                                         Buffers: shared hit=2590344 read=329601 dirtied=634
                                         ->  Index Scan using lineitem_l_partkey_l_quantity_l_shipmode_idx on lineitem  (cost=0.00..140.92 rows=1 width=4) (actual time=0.553..0.864 rows=1 loops=85436)
                                               Index Cond: (l_partkey = partsupp.ps_partkey)
                                               Filter: ((l_shipdate >= '1995-01-01'::date) AND (l_shipdate < '1996-01-01'::date) AND (l_suppkey = partsupp.ps_suppkey))
                                               Rows Removed by Filter: 29
                                               Buffers: shared hit=2590344 read=329601 dirtied=634
 Total runtime: 82398.326 ms
(44 rows)

COMMIT;
COMMIT
